<?xml version="1.0" encoding="UTF-8"?>
<!-- Generated by org.testng.reporters.JUnitReportReporter -->
<testsuite skipped="0" hostname="Moemens-MacBook-Pro.local" name="tests.Add_consultant_subject" tests="5" failures="0" timestamp="2020-12-13T11:43:12 EET" time="52.344" errors="0">
  <testcase name="add_subject" time="10.424" classname="tests.Add_consultant_subject"/>
  <system-out/>
  <testcase name="add_subject" time="10.457" classname="tests.Add_consultant_subject"/>
  <system-out/>
  <testcase name="add_subject" time="10.396" classname="tests.Add_consultant_subject"/>
  <system-out/>
  <testcase name="add_subject" time="10.492" classname="tests.Add_consultant_subject"/>
  <system-out/>
  <testcase name="add_subject" time="10.575" classname="tests.Add_consultant_subject"/>
  <system-out/>
</testsuite> <!-- tests.Add_consultant_subject -->
