<?xml version="1.0" encoding="UTF-8"?>
<!-- Generated by org.testng.reporters.JUnitReportReporter -->
<testsuite skipped="0" hostname="Moemens-MacBook-Pro.local" name="tests.AddRoleTest" tests="1" failures="0" timestamp="2020-12-14T16:11:23 EET" time="12.378" errors="0">
  <testcase name="addRole" time="12.378" classname="tests.AddRoleTest"/>
  <system-out/>
</testsuite> <!-- tests.AddRoleTest -->
