<?xml version="1.0" encoding="UTF-8"?>
<!-- Generated by org.testng.reporters.JUnitReportReporter -->
<testsuite skipped="0" hostname="Moemens-MacBook-Pro.local" name="tests.AddCenterTest" tests="4" failures="0" timestamp="2020-12-15T00:32:54 EET" time="50.328" errors="0">
  <testcase name="addNewCenter" time="12.395" classname="tests.AddCenterTest"/>
  <system-out/>
  <testcase name="addNewCenter" time="12.406" classname="tests.AddCenterTest"/>
  <system-out/>
  <testcase name="addNewCenter" time="13.516" classname="tests.AddCenterTest"/>
  <system-out/>
  <testcase name="addNewCenter" time="12.011" classname="tests.AddCenterTest"/>
  <system-out/>
</testsuite> <!-- tests.AddCenterTest -->
