<?xml version="1.0" encoding="UTF-8"?>
<!-- Generated by org.testng.reporters.JUnitReportReporter -->
<testsuite skipped="0" hostname="Moemens-MacBook-Pro.local" name="tests.Login" tests="1" failures="0" timestamp="2020-11-25T20:34:07 EET" time="3.248" errors="0">
  <testcase name="Admin_login" time="3.248" classname="tests.Login"/>
  <system-out/>
</testsuite> <!-- tests.Login -->
